0 info it worked if it ends with ok
1 verbose cli [ '/usr/local/bin/node',
1 verbose cli   '/usr/local/bin/npm',
1 verbose cli   'install',
1 verbose cli   '--save',
1 verbose cli   'postgres' ]
2 info using npm@3.10.10
3 info using node@v6.10.0
4 silly loadCurrentTree Starting
5 silly install loadCurrentTree
6 silly install readLocalPackageData
7 silly fetchPackageMetaData postgres
8 silly fetchNamedPackageData postgres
9 silly mapToRegistry name postgres
10 silly mapToRegistry using default registry
11 silly mapToRegistry registry https://registry.npmjs.org/
12 silly mapToRegistry data Result {
12 silly mapToRegistry   raw: 'postgres',
12 silly mapToRegistry   scope: null,
12 silly mapToRegistry   escapedName: 'postgres',
12 silly mapToRegistry   name: 'postgres',
12 silly mapToRegistry   rawSpec: '',
12 silly mapToRegistry   spec: 'latest',
12 silly mapToRegistry   type: 'tag' }
13 silly mapToRegistry uri https://registry.npmjs.org/postgres
14 verbose request uri https://registry.npmjs.org/postgres
15 verbose request no auth needed
16 info attempt registry request try #1 at 2:09:39 PM
17 verbose request id a762860b8aa15699
18 http request GET https://registry.npmjs.org/postgres
19 http 200 https://registry.npmjs.org/postgres
20 verbose headers { server: 'nginx/1.10.1',
20 verbose headers   'content-type': 'application/json',
20 verbose headers   'last-modified': 'Tue, 29 Sep 2009 17:21:33 GMT',
20 verbose headers   etag: 'W/"4ac2421d-304"',
20 verbose headers   'content-encoding': 'gzip',
20 verbose headers   'cache-control': 'max-age=300',
20 verbose headers   'content-length': '417',
20 verbose headers   'accept-ranges': 'bytes',
20 verbose headers   date: 'Wed, 12 Apr 2017 20:09:39 GMT',
20 verbose headers   via: '1.1 varnish',
20 verbose headers   age: '0',
20 verbose headers   connection: 'keep-alive',
20 verbose headers   'x-served-by': 'cache-ord1741-ORD',
20 verbose headers   'x-cache': 'MISS',
20 verbose headers   'x-cache-hits': '0',
20 verbose headers   'x-timer': 'S1492027780.955155,VS0,VE40',
20 verbose headers   vary: 'Accept-Encoding' }
21 silly get cb [ 200,
21 silly get   { server: 'nginx/1.10.1',
21 silly get     'content-type': 'application/json',
21 silly get     'last-modified': 'Tue, 29 Sep 2009 17:21:33 GMT',
21 silly get     etag: 'W/"4ac2421d-304"',
21 silly get     'content-encoding': 'gzip',
21 silly get     'cache-control': 'max-age=300',
21 silly get     'content-length': '417',
21 silly get     'accept-ranges': 'bytes',
21 silly get     date: 'Wed, 12 Apr 2017 20:09:39 GMT',
21 silly get     via: '1.1 varnish',
21 silly get     age: '0',
21 silly get     connection: 'keep-alive',
21 silly get     'x-served-by': 'cache-ord1741-ORD',
21 silly get     'x-cache': 'MISS',
21 silly get     'x-cache-hits': '0',
21 silly get     'x-timer': 'S1492027780.955155,VS0,VE40',
21 silly get     vary: 'Accept-Encoding' } ]
22 verbose get saving postgres to /Users/KemaneWright/.npm/registry.npmjs.org/postgres/.cache.json
23 verbose correctMkdir /Users/KemaneWright/.npm correctMkdir not in flight; initializing
24 silly install normalizeTree
25 silly loadCurrentTree Finishing
26 silly loadIdealTree Starting
27 silly install loadIdealTree
28 silly cloneCurrentTree Starting
29 silly install cloneCurrentTreeToIdealTree
30 silly cloneCurrentTree Finishing
31 silly loadShrinkwrap Starting
32 silly install loadShrinkwrap
33 silly loadShrinkwrap Finishing
34 silly loadAllDepsIntoIdealTree Starting
35 silly install loadAllDepsIntoIdealTree
36 silly resolveWithNewModule postgres@0.0.1 checking installable status
37 silly cache add args [ 'postgres', null ]
38 verbose cache add spec postgres
39 silly cache add parsed spec Result {
39 silly cache add   raw: 'postgres',
39 silly cache add   scope: null,
39 silly cache add   escapedName: 'postgres',
39 silly cache add   name: 'postgres',
39 silly cache add   rawSpec: '',
39 silly cache add   spec: 'latest',
39 silly cache add   type: 'tag' }
40 silly addNamed postgres@latest
41 verbose addNamed "latest" is being treated as a dist-tag for postgres
42 info addNameTag [ 'postgres', 'latest' ]
43 silly mapToRegistry name postgres
44 silly mapToRegistry using default registry
45 silly mapToRegistry registry https://registry.npmjs.org/
46 silly mapToRegistry data Result {
46 silly mapToRegistry   raw: 'postgres',
46 silly mapToRegistry   scope: null,
46 silly mapToRegistry   escapedName: 'postgres',
46 silly mapToRegistry   name: 'postgres',
46 silly mapToRegistry   rawSpec: '',
46 silly mapToRegistry   spec: 'latest',
46 silly mapToRegistry   type: 'tag' }
47 silly mapToRegistry uri https://registry.npmjs.org/postgres
48 verbose addNameTag registry:https://registry.npmjs.org/postgres not in flight; fetching
49 verbose get https://registry.npmjs.org/postgres not expired, no request
50 silly addNameTag next cb for postgres with tag latest
51 silly addNamed postgres@0.0.1
52 verbose addNamed "0.0.1" is a plain semver version for postgres
53 silly mapToRegistry name postgres
54 silly mapToRegistry using default registry
55 silly mapToRegistry registry https://registry.npmjs.org/
56 silly mapToRegistry data Result {
56 silly mapToRegistry   raw: 'postgres',
56 silly mapToRegistry   scope: null,
56 silly mapToRegistry   escapedName: 'postgres',
56 silly mapToRegistry   name: 'postgres',
56 silly mapToRegistry   rawSpec: '',
56 silly mapToRegistry   spec: 'latest',
56 silly mapToRegistry   type: 'tag' }
57 silly mapToRegistry uri https://registry.npmjs.org/postgres
58 verbose addRemoteTarball https://registry.npmjs.org/postgres/-/postgres-0.0.1.tgz not in flight; adding
59 verbose addRemoteTarball [ 'https://registry.npmjs.org/postgres/-/postgres-0.0.1.tgz',
59 verbose addRemoteTarball   '93aecd0a7fcf620792bcc2c87a2ead432adaa833' ]
60 info retry fetch attempt 1 at 2:09:40 PM
61 info attempt registry request try #1 at 2:09:40 PM
62 http fetch GET https://registry.npmjs.org/postgres/-/postgres-0.0.1.tgz
63 http fetch 200 https://registry.npmjs.org/postgres/-/postgres-0.0.1.tgz
64 silly fetchAndShaCheck shasum 93aecd0a7fcf620792bcc2c87a2ead432adaa833
65 verbose addTmpTarball /var/folders/qj/wh8f54tn5s1drvwk2tdy7m_c0000gn/T/npm-21183-a13deef9/registry.npmjs.org/postgres/-/postgres-0.0.1.tgz not in flight; adding
66 verbose addTmpTarball already have metadata; skipping unpack for postgres@0.0.1
67 verbose correctMkdir /Users/KemaneWright/.npm correctMkdir not in flight; initializing
68 silly cache afterAdd postgres@0.0.1
69 verbose afterAdd /Users/KemaneWright/.npm/postgres/0.0.1/package/package.json not in flight; writing
70 verbose correctMkdir /Users/KemaneWright/.npm correctMkdir not in flight; initializing
71 verbose afterAdd /Users/KemaneWright/.npm/postgres/0.0.1/package/package.json written
72 silly loadAllDepsIntoIdealTree Finishing
73 silly loadIdealTree Finishing
74 silly currentTree SpaceX-Clone@1.0.0
74 silly currentTree ├── accepts@1.3.3
74 silly currentTree ├── ap@0.2.0
74 silly currentTree ├── args-js@0.10.12
74 silly currentTree ├── array-flatten@1.1.1
74 silly currentTree ├── async@2.2.0
74 silly currentTree ├── balanced-match@0.4.2
74 silly currentTree ├── bindings@1.2.1
74 silly currentTree ├── body-parser@1.17.1
74 silly currentTree ├── brace-expansion@1.1.6
74 silly currentTree ├── buffer-writer@1.0.1
74 silly currentTree ├── bytes@2.4.0
74 silly currentTree ├── commander@2.9.0
74 silly currentTree ├── concat-map@0.0.1
74 silly currentTree ├── content-disposition@0.5.2
74 silly currentTree ├── content-type@1.0.2
74 silly currentTree ├── cookie-signature@1.0.6
74 silly currentTree ├── cookie@0.3.1
74 silly currentTree ├── core-util-is@1.0.2
74 silly currentTree ├── cors@2.8.3
74 silly currentTree ├── crc@3.4.4
74 silly currentTree ├── deasync@0.1.9
74 silly currentTree ├── debug@2.6.1
74 silly currentTree ├── depd@1.1.0
74 silly currentTree ├── destroy@1.0.4
74 silly currentTree ├── ee-first@1.1.1
74 silly currentTree ├── encodeurl@1.0.1
74 silly currentTree ├── escape-html@1.0.3
74 silly currentTree ├── etag@1.8.0
74 silly currentTree ├─┬ express-session@1.15.2
74 silly currentTree │ └── debug@2.6.3
74 silly currentTree ├── express@4.15.2
74 silly currentTree ├─┬ finalhandler@1.0.1
74 silly currentTree │ └── debug@2.6.3
74 silly currentTree ├── forwarded@0.1.0
74 silly currentTree ├── fresh@0.5.0
74 silly currentTree ├── fs.realpath@1.0.0
74 silly currentTree ├── generic-pool@2.4.2
74 silly currentTree ├── glob@7.1.1
74 silly currentTree ├── graceful-readlink@1.0.1
74 silly currentTree ├── http-errors@1.6.1
74 silly currentTree ├── iconv-lite@0.4.15
74 silly currentTree ├── inflight@1.0.6
74 silly currentTree ├── inherits@2.0.3
74 silly currentTree ├── ipaddr.js@1.3.0
74 silly currentTree ├── is-utf8@0.2.1
74 silly currentTree ├── isarray@0.0.1
74 silly currentTree ├── lodash@4.17.4
74 silly currentTree ├── massive@2.6.0
74 silly currentTree ├── media-typer@0.3.0
74 silly currentTree ├── merge-descriptors@1.0.1
74 silly currentTree ├── methods@1.1.2
74 silly currentTree ├── mime-db@1.27.0
74 silly currentTree ├── mime-types@2.1.15
74 silly currentTree ├── mime@1.3.4
74 silly currentTree ├── minimatch@3.0.3
74 silly currentTree ├── ms@0.7.2
74 silly currentTree ├── nan@2.5.1
74 silly currentTree ├── negotiator@0.6.1
74 silly currentTree ├── object-assign@4.1.1
74 silly currentTree ├── on-finished@2.3.0
74 silly currentTree ├── on-headers@1.0.1
74 silly currentTree ├── once@1.4.0
74 silly currentTree ├── packet-reader@0.2.0
74 silly currentTree ├── parseurl@1.3.1
74 silly currentTree ├── path-is-absolute@1.0.1
74 silly currentTree ├── path-to-regexp@0.1.7
74 silly currentTree ├── pg-connection-string@0.1.3
74 silly currentTree ├── pg-cursor@1.0.0
74 silly currentTree ├─┬ pg-pool@1.6.0
74 silly currentTree │ └── object-assign@4.1.0
74 silly currentTree ├── pg-query-stream@0.7.0
74 silly currentTree ├── pg-types@1.11.0
74 silly currentTree ├── pg@6.1.5
74 silly currentTree ├── pgpass@1.0.1
74 silly currentTree ├── postgres-array@1.0.2
74 silly currentTree ├── postgres-bytea@1.0.0
74 silly currentTree ├── postgres-date@1.0.3
74 silly currentTree ├── postgres-interval@1.0.2
74 silly currentTree ├── promise-polyfill@6.0.2
74 silly currentTree ├── proxy-addr@1.1.4
74 silly currentTree ├── qs@6.4.0
74 silly currentTree ├── random-bytes@1.0.0
74 silly currentTree ├── range-parser@1.2.0
74 silly currentTree ├── raw-body@2.2.0
74 silly currentTree ├── readable-stream@1.1.14
74 silly currentTree ├── semver@4.3.2
74 silly currentTree ├── send@0.15.1
74 silly currentTree ├── serve-static@1.12.1
74 silly currentTree ├── setprototypeof@1.0.3
74 silly currentTree ├── split@1.0.0
74 silly currentTree ├── start@5.1.0
74 silly currentTree ├── statuses@1.3.1
74 silly currentTree ├── string_decoder@0.10.31
74 silly currentTree ├── strip-bom@2.0.0
74 silly currentTree ├── through@2.3.8
74 silly currentTree ├── type-is@1.6.14
74 silly currentTree ├── uid-safe@2.1.4
74 silly currentTree ├── underscore@1.8.3
74 silly currentTree ├── unpipe@1.0.0
74 silly currentTree ├── utils-merge@1.0.0
74 silly currentTree ├── vary@1.1.1
74 silly currentTree ├── wrappy@1.0.2
74 silly currentTree └── xtend@4.0.1
75 silly idealTree SpaceX-Clone@1.0.0
75 silly idealTree ├── accepts@1.3.3
75 silly idealTree ├── ap@0.2.0
75 silly idealTree ├── args-js@0.10.12
75 silly idealTree ├── array-flatten@1.1.1
75 silly idealTree ├── async@2.2.0
75 silly idealTree ├── balanced-match@0.4.2
75 silly idealTree ├── bindings@1.2.1
75 silly idealTree ├── body-parser@1.17.1
75 silly idealTree ├── brace-expansion@1.1.6
75 silly idealTree ├── buffer-writer@1.0.1
75 silly idealTree ├── bytes@2.4.0
75 silly idealTree ├── commander@2.9.0
75 silly idealTree ├── concat-map@0.0.1
75 silly idealTree ├── content-disposition@0.5.2
75 silly idealTree ├── content-type@1.0.2
75 silly idealTree ├── cookie-signature@1.0.6
75 silly idealTree ├── cookie@0.3.1
75 silly idealTree ├── core-util-is@1.0.2
75 silly idealTree ├── cors@2.8.3
75 silly idealTree ├── crc@3.4.4
75 silly idealTree ├── deasync@0.1.9
75 silly idealTree ├── debug@2.6.1
75 silly idealTree ├── depd@1.1.0
75 silly idealTree ├── destroy@1.0.4
75 silly idealTree ├── ee-first@1.1.1
75 silly idealTree ├── encodeurl@1.0.1
75 silly idealTree ├── escape-html@1.0.3
75 silly idealTree ├── etag@1.8.0
75 silly idealTree ├─┬ express-session@1.15.2
75 silly idealTree │ └── debug@2.6.3
75 silly idealTree ├── express@4.15.2
75 silly idealTree ├─┬ finalhandler@1.0.1
75 silly idealTree │ └── debug@2.6.3
75 silly idealTree ├── forwarded@0.1.0
75 silly idealTree ├── fresh@0.5.0
75 silly idealTree ├── fs.realpath@1.0.0
75 silly idealTree ├── generic-pool@2.4.2
75 silly idealTree ├── glob@7.1.1
75 silly idealTree ├── graceful-readlink@1.0.1
75 silly idealTree ├── http-errors@1.6.1
75 silly idealTree ├── iconv-lite@0.4.15
75 silly idealTree ├── inflight@1.0.6
75 silly idealTree ├── inherits@2.0.3
75 silly idealTree ├── ipaddr.js@1.3.0
75 silly idealTree ├── is-utf8@0.2.1
75 silly idealTree ├── isarray@0.0.1
75 silly idealTree ├── lodash@4.17.4
75 silly idealTree ├── massive@2.6.0
75 silly idealTree ├── media-typer@0.3.0
75 silly idealTree ├── merge-descriptors@1.0.1
75 silly idealTree ├── methods@1.1.2
75 silly idealTree ├── mime-db@1.27.0
75 silly idealTree ├── mime-types@2.1.15
75 silly idealTree ├── mime@1.3.4
75 silly idealTree ├── minimatch@3.0.3
75 silly idealTree ├── ms@0.7.2
75 silly idealTree ├── nan@2.5.1
75 silly idealTree ├── negotiator@0.6.1
75 silly idealTree ├── object-assign@4.1.1
75 silly idealTree ├── on-finished@2.3.0
75 silly idealTree ├── on-headers@1.0.1
75 silly idealTree ├── once@1.4.0
75 silly idealTree ├── packet-reader@0.2.0
75 silly idealTree ├── parseurl@1.3.1
75 silly idealTree ├── path-is-absolute@1.0.1
75 silly idealTree ├── path-to-regexp@0.1.7
75 silly idealTree ├── pg-connection-string@0.1.3
75 silly idealTree ├── pg-cursor@1.0.0
75 silly idealTree ├─┬ pg-pool@1.6.0
75 silly idealTree │ └── object-assign@4.1.0
75 silly idealTree ├── pg-query-stream@0.7.0
75 silly idealTree ├── pg-types@1.11.0
75 silly idealTree ├── pg@6.1.5
75 silly idealTree ├── pgpass@1.0.1
75 silly idealTree ├── postgres-array@1.0.2
75 silly idealTree ├── postgres-bytea@1.0.0
75 silly idealTree ├── postgres-date@1.0.3
75 silly idealTree ├── postgres-interval@1.0.2
75 silly idealTree ├── postgres@0.0.1
75 silly idealTree ├── promise-polyfill@6.0.2
75 silly idealTree ├── proxy-addr@1.1.4
75 silly idealTree ├── qs@6.4.0
75 silly idealTree ├── random-bytes@1.0.0
75 silly idealTree ├── range-parser@1.2.0
75 silly idealTree ├── raw-body@2.2.0
75 silly idealTree ├── readable-stream@1.1.14
75 silly idealTree ├── semver@4.3.2
75 silly idealTree ├── send@0.15.1
75 silly idealTree ├── serve-static@1.12.1
75 silly idealTree ├── setprototypeof@1.0.3
75 silly idealTree ├── split@1.0.0
75 silly idealTree ├── start@5.1.0
75 silly idealTree ├── statuses@1.3.1
75 silly idealTree ├── string_decoder@0.10.31
75 silly idealTree ├── strip-bom@2.0.0
75 silly idealTree ├── through@2.3.8
75 silly idealTree ├── type-is@1.6.14
75 silly idealTree ├── uid-safe@2.1.4
75 silly idealTree ├── underscore@1.8.3
75 silly idealTree ├── unpipe@1.0.0
75 silly idealTree ├── utils-merge@1.0.0
75 silly idealTree ├── vary@1.1.1
75 silly idealTree ├── wrappy@1.0.2
75 silly idealTree └── xtend@4.0.1
76 silly generateActionsToTake Starting
77 silly install generateActionsToTake
78 silly generateActionsToTake Finishing
79 silly diffTrees action count 1
80 silly diffTrees add postgres@0.0.1
81 silly decomposeActions action count 8
82 silly decomposeActions fetch postgres@0.0.1
83 silly decomposeActions extract postgres@0.0.1
84 silly decomposeActions test postgres@0.0.1
85 silly decomposeActions preinstall postgres@0.0.1
86 silly decomposeActions build postgres@0.0.1
87 silly decomposeActions install postgres@0.0.1
88 silly decomposeActions postinstall postgres@0.0.1
89 silly decomposeActions finalize postgres@0.0.1
90 silly runTopLevelLifecycles Starting
91 silly executeActions Starting
92 silly install executeActions
93 silly doSerial global-install 0
94 silly doParallel fetch 1
95 verbose correctMkdir /Users/KemaneWright/.npm/_locks correctMkdir not in flight; initializing
96 verbose lock using /Users/KemaneWright/.npm/_locks/staging-7d698264c7151943.lock for /Users/KemaneWright/Desktop/SpaceX-Clone/node_modules/.staging
97 silly doParallel extract 1
98 silly extract postgres@0.0.1
99 verbose unbuild node_modules/.staging/postgres-78658ad4
100 silly gentlyRm /Users/KemaneWright/Desktop/SpaceX-Clone/node_modules/.staging/postgres-78658ad4 is being purged from base /Users/KemaneWright/Desktop/SpaceX-Clone
101 verbose gentlyRm don't care about contents; nuking /Users/KemaneWright/Desktop/SpaceX-Clone/node_modules/.staging/postgres-78658ad4
102 verbose tar unpack /Users/KemaneWright/.npm/postgres/0.0.1/package.tgz
103 verbose tar unpacking to /Users/KemaneWright/Desktop/SpaceX-Clone/node_modules/.staging/postgres-78658ad4
104 silly gentlyRm /Users/KemaneWright/Desktop/SpaceX-Clone/node_modules/.staging/postgres-78658ad4 is being purged
105 verbose gentlyRm don't care about contents; nuking /Users/KemaneWright/Desktop/SpaceX-Clone/node_modules/.staging/postgres-78658ad4
106 silly gunzTarPerm modes [ '755', '644' ]
107 silly gunzTarPerm extractEntry
108 silly gunzTarPerm extractEntry .gitignore
109 silly gunzTarPerm extractEntry ._.npmignore
110 silly gunzTarPerm extractEntry .npmignore
111 silly gunzTarPerm extractEntry binding.cc
112 silly gunzTarPerm extractEntry LICENSE-MIT
113 silly gunzTarPerm extractEntry ._package.json
114 silly gunzTarPerm extractEntry package.json
115 silly gunzTarPerm extractEntry postgres.js
116 silly gunzTarPerm extractEntry README
117 silly gunzTarPerm extractEntry test.js
118 silly gunzTarPerm extractEntry type-oids.h
119 silly gunzTarPerm extractEntry wscript
120 silly gentlyRm /Users/KemaneWright/Desktop/SpaceX-Clone/node_modules/.staging/postgres-78658ad4/node_modules is being purged
121 verbose gentlyRm don't care about contents; nuking /Users/KemaneWright/Desktop/SpaceX-Clone/node_modules/.staging/postgres-78658ad4/node_modules
122 silly doParallel preinstall 1
123 silly preinstall postgres@0.0.1 /Users/KemaneWright/Desktop/SpaceX-Clone/node_modules/.staging/postgres-78658ad4
124 info lifecycle postgres@0.0.1~preinstall: postgres@0.0.1
125 silly lifecycle postgres@0.0.1~preinstall: no script for preinstall, continuing
126 silly doReverseSerial remove 0
127 silly doSerial move 0
128 silly doSerial finalize 1
129 silly finalize /Users/KemaneWright/Desktop/SpaceX-Clone/node_modules/postgres
130 silly doSerial build 1
131 silly build postgres@0.0.1
132 info linkStuff postgres@0.0.1
133 silly linkStuff postgres@0.0.1 has /Users/KemaneWright/Desktop/SpaceX-Clone/node_modules as its parent node_modules
134 verbose linkBins postgres@0.0.1
135 verbose linkMans postgres@0.0.1
136 silly doSerial global-link 0
137 silly doParallel update-linked 0
138 silly doSerial install 1
139 silly install postgres@0.0.1 /Users/KemaneWright/Desktop/SpaceX-Clone/node_modules/.staging/postgres-78658ad4
140 info lifecycle postgres@0.0.1~install: postgres@0.0.1
141 verbose lifecycle postgres@0.0.1~install: unsafe-perm in lifecycle true
142 verbose lifecycle postgres@0.0.1~install: PATH: /usr/local/lib/node_modules/npm/bin/node-gyp-bin:/Users/KemaneWright/Desktop/SpaceX-Clone/node_modules/postgres/node_modules/.bin:/Users/KemaneWright/Desktop/SpaceX-Clone/node_modules/.bin:/usr/local/bin:/usr/bin:/bin:/usr/sbin:/sbin
143 verbose lifecycle postgres@0.0.1~install: CWD: /Users/KemaneWright/Desktop/SpaceX-Clone/node_modules/postgres
144 silly lifecycle postgres@0.0.1~install: Args: [ '-c', 'node-waf configure build' ]
145 info lifecycle postgres@0.0.1~install: Failed to exec install script
146 verbose unlock done using /Users/KemaneWright/.npm/_locks/staging-7d698264c7151943.lock for /Users/KemaneWright/Desktop/SpaceX-Clone/node_modules/.staging
147 silly rollbackFailedOptional Starting
148 silly rollbackFailedOptional Finishing
149 silly runTopLevelLifecycles Finishing
150 silly install printInstalled
151 warn SpaceX-Clone@1.0.0 No description
152 verbose If you need help, you may report this error at:
152 verbose     <https://github.com/npm/npm/issues>
153 verbose stack Error: postgres@0.0.1 install: `node-waf configure build`
153 verbose stack spawn ENOENT
153 verbose stack     at ChildProcess.<anonymous> (/usr/local/lib/node_modules/npm/lib/utils/spawn.js:33:16)
153 verbose stack     at emitTwo (events.js:106:13)
153 verbose stack     at ChildProcess.emit (events.js:191:7)
153 verbose stack     at maybeClose (internal/child_process.js:877:16)
153 verbose stack     at Process.ChildProcess._handle.onexit (internal/child_process.js:226:5)
154 verbose pkgid postgres@0.0.1
155 verbose cwd /Users/KemaneWright/Desktop/SpaceX-Clone/server
156 error Darwin 16.5.0
157 error argv "/usr/local/bin/node" "/usr/local/bin/npm" "install" "--save" "postgres"
158 error node v6.10.0
159 error npm  v3.10.10
160 error file sh
161 error code ELIFECYCLE
162 error errno ENOENT
163 error syscall spawn
164 error postgres@0.0.1 install: `node-waf configure build`
164 error spawn ENOENT
165 error Failed at the postgres@0.0.1 install script 'node-waf configure build'.
165 error Make sure you have the latest version of node.js and npm installed.
165 error If you do, this is most likely a problem with the postgres package,
165 error not with npm itself.
165 error Tell the author that this fails on your system:
165 error     node-waf configure build
165 error You can get information on how to open an issue for this project with:
165 error     npm bugs postgres
165 error Or if that isn't available, you can get their info via:
165 error     npm owner ls postgres
165 error There is likely additional logging output above.
166 verbose exit [ 1, true ]
